[14-Aug-2014 02:00:00 UTC] PHP Warning:  Invalid argument supplied for foreach() in /srv/www/ht-build/public_html/ht/plugins/holotree/addon/addon.php on line 34
[14-Aug-2014 02:00:03 UTC] PHP Warning:  Invalid argument supplied for foreach() in /srv/www/ht-build/public_html/ht/plugins/holotree/addon/addon.php on line 34
[14-Aug-2014 02:25:03 UTC] PHP Warning:  include(/srv/www/ht-build/public_html/ht/plugins/gus-ui/includes/classes/gus-ut-mods-setup.php): failed to open stream: No such file or directory in /srv/www/ht-build/public_html/ht/plugins/gus-ui/gus_ui.php on line 53
[14-Aug-2014 02:25:03 UTC] PHP Warning:  include(): Failed opening '/srv/www/ht-build/public_html/ht/plugins/gus-ui/includes/classes/gus-ut-mods-setup.php' for inclusion (include_path='.:/usr/share/php:/usr/share/pear') in /srv/www/ht-build/public_html/ht/plugins/gus-ui/gus_ui.php on line 53
[14-Aug-2014 02:25:03 UTC] PHP Fatal error:  Class 'gus_ui_mods_setup' not found in /srv/www/ht-build/public_html/ht/plugins/gus-ui/gus_ui.php on line 54
[14-Aug-2014 02:25:04 UTC] PHP Warning:  include(/srv/www/ht-build/public_html/ht/plugins/gus-ui/includes/classes/gus-ut-mods-setup.php): failed to open stream: No such file or directory in /srv/www/ht-build/public_html/ht/plugins/gus-ui/gus_ui.php on line 53
[14-Aug-2014 02:25:04 UTC] PHP Warning:  include(): Failed opening '/srv/www/ht-build/public_html/ht/plugins/gus-ui/includes/classes/gus-ut-mods-setup.php' for inclusion (include_path='.:/usr/share/php:/usr/share/pear') in /srv/www/ht-build/public_html/ht/plugins/gus-ui/gus_ui.php on line 53
[14-Aug-2014 02:25:04 UTC] PHP Fatal error:  Class 'gus_ui_mods_setup' not found in /srv/www/ht-build/public_html/ht/plugins/gus-ui/gus_ui.php on line 54
[14-Aug-2014 02:25:04 UTC] PHP Warning:  include(/srv/www/ht-build/public_html/ht/plugins/gus-ui/includes/classes/gus-ut-mods-setup.php): failed to open stream: No such file or directory in /srv/www/ht-build/public_html/ht/plugins/gus-ui/gus_ui.php on line 53
[14-Aug-2014 02:25:04 UTC] PHP Warning:  include(): Failed opening '/srv/www/ht-build/public_html/ht/plugins/gus-ui/includes/classes/gus-ut-mods-setup.php' for inclusion (include_path='.:/usr/share/php:/usr/share/pear') in /srv/www/ht-build/public_html/ht/plugins/gus-ui/gus_ui.php on line 53
[14-Aug-2014 02:25:04 UTC] PHP Fatal error:  Class 'gus_ui_mods_setup' not found in /srv/www/ht-build/public_html/ht/plugins/gus-ui/gus_ui.php on line 54
[14-Aug-2014 02:25:27 UTC] PHP Warning:  include(/srv/www/ht-build/public_html/ht/plugins/gus-ui/includes/classes/gus-ut-mods-setup.php): failed to open stream: No such file or directory in /srv/www/ht-build/public_html/ht/plugins/gus-ui/gus_ui.php on line 53
[14-Aug-2014 02:25:27 UTC] PHP Warning:  include(): Failed opening '/srv/www/ht-build/public_html/ht/plugins/gus-ui/includes/classes/gus-ut-mods-setup.php' for inclusion (include_path='.:/usr/share/php:/usr/share/pear') in /srv/www/ht-build/public_html/ht/plugins/gus-ui/gus_ui.php on line 53
[14-Aug-2014 02:25:27 UTC] PHP Fatal error:  Class 'gus_ui_mods_setup' not found in /srv/www/ht-build/public_html/ht/plugins/gus-ui/gus_ui.php on line 54
[14-Aug-2014 02:28:44 UTC] PHP Fatal error:  Cannot redeclare gus_ui_init() (previously declared in /srv/www/ht-build/public_html/ht/plugins/gus-ui/gus_ui.php:49) in /srv/www/ht-build/public_html/ht/plugins/gus-ui/gus_ui.php on line 49
[14-Aug-2014 02:28:44 UTC] PHP Fatal error:  Cannot redeclare gus_ui_init() (previously declared in /srv/www/ht-build/public_html/ht/plugins/gus-ui/gus_ui.php:49) in /srv/www/ht-build/public_html/ht/plugins/gus-ui/gus_ui.php on line 49
[14-Aug-2014 02:28:44 UTC] PHP Fatal error:  Cannot redeclare gus_ui_init() (previously declared in /srv/www/ht-build/public_html/ht/plugins/gus-ui/gus_ui.php:49) in /srv/www/ht-build/public_html/ht/plugins/gus-ui/gus_ui.php on line 49
[14-Aug-2014 02:30:00 UTC] PHP Notice:  Pod Template PHP code has been deprecated, please use WP Templates instead of embedding PHP. has been <strong>deprecated</strong> since Pods version 2.3 with no alternative available. in /srv/www/ht-build/public_html/ht/plugins/pods/includes/general.php on line 372
[14-Aug-2014 02:30:00 UTC] PHP Notice:  Pod Template PHP code has been deprecated, please use WP Templates instead of embedding PHP. has been <strong>deprecated</strong> since Pods version 2.3 with no alternative available. in /srv/www/ht-build/public_html/ht/plugins/pods/includes/general.php on line 372
[14-Aug-2014 02:30:00 UTC] PHP Notice:  Pod Template PHP code has been deprecated, please use WP Templates instead of embedding PHP. has been <strong>deprecated</strong> since Pods version 2.3 with no alternative available. in /srv/www/ht-build/public_html/ht/plugins/pods/includes/general.php on line 372
[14-Aug-2014 02:30:00 UTC] PHP Notice:  Pod Template PHP code has been deprecated, please use WP Templates instead of embedding PHP. has been <strong>deprecated</strong> since Pods version 2.3 with no alternative available. in /srv/www/ht-build/public_html/ht/plugins/pods/includes/general.php on line 372
[14-Aug-2014 02:30:01 UTC] PHP Notice:  Pod Template PHP code has been deprecated, please use WP Templates instead of embedding PHP. has been <strong>deprecated</strong> since Pods version 2.3 with no alternative available. in /srv/www/ht-build/public_html/ht/plugins/pods/includes/general.php on line 372
[14-Aug-2014 02:30:01 UTC] PHP Notice:  Pod Template PHP code has been deprecated, please use WP Templates instead of embedding PHP. has been <strong>deprecated</strong> since Pods version 2.3 with no alternative available. in /srv/www/ht-build/public_html/ht/plugins/pods/includes/general.php on line 372
[14-Aug-2014 02:30:01 UTC] PHP Notice:  Pod Template PHP code has been deprecated, please use WP Templates instead of embedding PHP. has been <strong>deprecated</strong> since Pods version 2.3 with no alternative available. in /srv/www/ht-build/public_html/ht/plugins/pods/includes/general.php on line 372
[14-Aug-2014 02:30:59 UTC] PHP Notice:  Use of undefined constant GUS_UI_MODS_URL - assumed 'GUS_UI_MODS_URL' in /srv/www/ht-build/public_html/ht/plugins/gus-ui/includes/classes/gus-ui-mods-setup.php on line 18
[14-Aug-2014 02:30:59 UTC] PHP Notice:  Use of undefined constant GUS_UI_MODS_URL - assumed 'GUS_UI_MODS_URL' in /srv/www/ht-build/public_html/ht/plugins/gus-ui/includes/classes/gus-ui-mods-setup.php on line 19
[14-Aug-2014 02:31:00 UTC] PHP Notice:  Use of undefined constant GUS_UI_MODS_URL - assumed 'GUS_UI_MODS_URL' in /srv/www/ht-build/public_html/ht/plugins/gus-ui/includes/classes/gus-ui-mods-setup.php on line 18
[14-Aug-2014 02:31:00 UTC] PHP Notice:  Use of undefined constant GUS_UI_MODS_URL - assumed 'GUS_UI_MODS_URL' in /srv/www/ht-build/public_html/ht/plugins/gus-ui/includes/classes/gus-ui-mods-setup.php on line 19
[14-Aug-2014 02:31:00 UTC] PHP Notice:  Use of undefined constant GUS_UI_MODS_URL - assumed 'GUS_UI_MODS_URL' in /srv/www/ht-build/public_html/ht/plugins/gus-ui/includes/classes/gus-ui-mods-setup.php on line 18
[14-Aug-2014 02:31:00 UTC] PHP Notice:  Use of undefined constant GUS_UI_MODS_URL - assumed 'GUS_UI_MODS_URL' in /srv/www/ht-build/public_html/ht/plugins/gus-ui/includes/classes/gus-ui-mods-setup.php on line 19
[14-Aug-2014 02:51:27 UTC] PHP Parse error:  syntax error, unexpected ')' in /srv/www/ht-build/public_html/ht/plugins/gus-ui/includes/classes/gus-ui-mods-setup.php on line 21
[14-Aug-2014 02:53:27 UTC] PHP Parse error:  syntax error, unexpected 'wp_enqueue_script' (T_STRING) in /srv/www/ht-build/public_html/ht/plugins/gus-ui/includes/classes/gus-ui-mods-setup.php on line 24
[15-Aug-2014 17:08:17 UTC] PHP Parse error:  syntax error, unexpected ')' in /srv/www/ht-build/public_html/ht/plugins/ht_dms/ht_dms/decision.php on line 1066
[15-Aug-2014 17:08:40 UTC] PHP Parse error:  syntax error, unexpected ')' in /srv/www/ht-build/public_html/ht/plugins/ht_dms/ht_dms/decision.php on line 1066
[15-Aug-2014 17:08:42 UTC] PHP Parse error:  syntax error, unexpected ')' in /srv/www/ht-build/public_html/ht/plugins/ht_dms/ht_dms/decision.php on line 1066
[15-Aug-2014 17:08:59 UTC] PHP Parse error:  syntax error, unexpected '$group_name' (T_VARIABLE) in /srv/www/ht-build/public_html/ht/plugins/ht_dms/ht_dms/decision.php on line 1085
[15-Aug-2014 20:09:21 UTC] PHP Fatal error:  Call to undefined function ht_dms_setup_pods() in /srv/www/ht-build/public_html/ht/plugins/debug-bar-console/class-debug-bar-console.php(87) : eval()'d code on line 2
[15-Aug-2014 20:09:36 UTC] PHP Fatal error:  Call to undefined function ht_dms_setup_pods() in /srv/www/ht-build/public_html/ht/plugins/debug-bar-console/class-debug-bar-console.php(87) : eval()'d code on line 2
[15-Aug-2014 20:09:48 UTC] PHP Fatal error:  Call to undefined function ht_dms_setup_pods() in /srv/www/ht-build/public_html/ht/plugins/debug-bar-console/class-debug-bar-console.php(87) : eval()'d code on line 2
[15-Aug-2014 20:10:08 UTC] PHP Fatal error:  Call to undefined function ht_dms_setup_pods() in /srv/www/ht-build/public_html/ht/plugins/debug-bar-console/class-debug-bar-console.php(87) : eval()'d code on line 2
[18-Aug-2014 20:44:09 UTC] PHP Fatal error:  Call to undefined function ht_dms\ui\build\ht_dms_prefix_remover() in /srv/www/ht-build/public_html/ht/plugins/ht_dms/ht_dms/ui/build/views.php on line 273
[18-Aug-2014 20:49:08 UTC] PHP Notice:  Undefined index: docs in /srv/www/ht-build/public_html/ht/plugins/pods/classes/Pods.php on line 1002
[18-Aug-2014 20:49:08 UTC] PHP Notice:  Undefined index: docs in /srv/www/ht-build/public_html/ht/plugins/pods/classes/Pods.php on line 1002
[18-Aug-2014 21:01:25 UTC] PHP Notice:  Undefined variable: docs in /srv/www/ht-build/public_html/ht/plugins/ht_dms/ht_dms/ui/views/partials/documents.php on line 3
[18-Aug-2014 21:04:09 UTC] PHP Parse error:  syntax error, unexpected ';' in /srv/www/ht-build/public_html/ht/plugins/ht_dms/ht_dms/ui/build/views.php on line 296
[21-Aug-2014 21:57:02 UTC] PHP Notice:  Use of undefined constant HT_DEV_MODE - assumed 'HT_DEV_MODE' in /srv/www/ht-build/public_html/ht/plugins/holotree/holotree.php on line 258
[21-Aug-2014 21:57:02 UTC] PHP Notice:  Use of undefined constant HT_DEV_MODE - assumed 'HT_DEV_MODE' in /srv/www/ht-build/public_html/ht/plugins/ht_dms/inc/constants.php on line 54
[21-Aug-2014 22:06:20 UTC] PHP Notice:  Use of undefined constant HT_DEV_MODE - assumed 'HT_DEV_MODE' in /srv/www/ht-build/public_html/ht/plugins/holotree/holotree.php on line 258
[21-Aug-2014 22:06:20 UTC] PHP Notice:  Use of undefined constant HT_DEV_MODE - assumed 'HT_DEV_MODE' in /srv/www/ht-build/public_html/ht/plugins/ht_dms/inc/constants.php on line 54
[21-Aug-2014 22:06:20 UTC] PHP Parse error:  syntax error, unexpected '$out' (T_VARIABLE) in /srv/www/ht-build/public_html/ht/plugins/ht_dms/ht_dms/ui/output/view_loaders.php on line 311
[21-Aug-2014 22:06:22 UTC] PHP Notice:  Use of undefined constant HT_DEV_MODE - assumed 'HT_DEV_MODE' in /srv/www/ht-build/public_html/ht/plugins/holotree/holotree.php on line 258
[21-Aug-2014 22:06:22 UTC] PHP Notice:  Use of undefined constant HT_DEV_MODE - assumed 'HT_DEV_MODE' in /srv/www/ht-build/public_html/ht/plugins/ht_dms/inc/constants.php on line 54
[21-Aug-2014 22:06:22 UTC] PHP Parse error:  syntax error, unexpected '$out' (T_VARIABLE) in /srv/www/ht-build/public_html/ht/plugins/ht_dms/ht_dms/ui/output/view_loaders.php on line 311
[21-Aug-2014 22:06:44 UTC] PHP Notice:  Use of undefined constant HT_DEV_MODE - assumed 'HT_DEV_MODE' in /srv/www/ht-build/public_html/ht/plugins/holotree/holotree.php on line 258
[21-Aug-2014 22:06:44 UTC] PHP Notice:  Use of undefined constant HT_DEV_MODE - assumed 'HT_DEV_MODE' in /srv/www/ht-build/public_html/ht/plugins/ht_dms/inc/constants.php on line 54
[21-Aug-2014 22:07:23 UTC] PHP Notice:  Use of undefined constant HT_DEV_MODE - assumed 'HT_DEV_MODE' in /srv/www/ht-build/public_html/ht/plugins/holotree/holotree.php on line 258
[21-Aug-2014 22:07:23 UTC] PHP Notice:  Use of undefined constant HT_DEV_MODE - assumed 'HT_DEV_MODE' in /srv/www/ht-build/public_html/ht/plugins/ht_dms/inc/constants.php on line 54
[21-Aug-2014 22:12:41 UTC] PHP Parse error:  syntax error, unexpected '$out' (T_VARIABLE) in /srv/www/ht-build/public_html/ht/plugins/ht_dms/ht_dms/ui/output/view_loaders.php on line 320
[21-Aug-2014 23:17:03 UTC] PHP Notice:  Use of undefined constant HT_DEV_MODE - assumed 'HT_DEV_MODE' in /srv/www/ht-build/public_html/ht/plugins/holotree/holotree.php on line 258
[21-Aug-2014 23:17:03 UTC] PHP Notice:  Use of undefined constant HT_DEV_MODE - assumed 'HT_DEV_MODE' in /srv/www/ht-build/public_html/ht/plugins/ht_dms/inc/constants.php on line 54
[21-Aug-2014 23:18:53 UTC] PHP Notice:  Use of undefined constant HT_DEV_MODE - assumed 'HT_DEV_MODE' in /srv/www/ht-build/public_html/ht/plugins/holotree/holotree.php on line 258
[21-Aug-2014 23:18:53 UTC] PHP Notice:  Use of undefined constant HT_DEV_MODE - assumed 'HT_DEV_MODE' in /srv/www/ht-build/public_html/ht/plugins/ht_dms/inc/constants.php on line 54
[21-Aug-2014 23:21:03 UTC] PHP Notice:  Use of undefined constant HT_DEV_MODE - assumed 'HT_DEV_MODE' in /srv/www/ht-build/public_html/ht/plugins/holotree/holotree.php on line 258
[21-Aug-2014 23:21:03 UTC] PHP Notice:  Use of undefined constant HT_DEV_MODE - assumed 'HT_DEV_MODE' in /srv/www/ht-build/public_html/ht/plugins/ht_dms/inc/constants.php on line 54
[21-Aug-2014 23:25:59 UTC] PHP Notice:  Use of undefined constant HT_DEV_MODE - assumed 'HT_DEV_MODE' in /srv/www/ht-build/public_html/ht/plugins/holotree/holotree.php on line 258
[21-Aug-2014 23:25:59 UTC] PHP Notice:  Use of undefined constant HT_DEV_MODE - assumed 'HT_DEV_MODE' in /srv/www/ht-build/public_html/ht/plugins/ht_dms/inc/constants.php on line 54
[22-Aug-2014 00:14:45 UTC] PHP Notice:  Use of undefined constant HT_DEV_MODE - assumed 'HT_DEV_MODE' in /srv/www/ht-build/public_html/ht/plugins/holotree/holotree.php on line 258
[22-Aug-2014 00:14:45 UTC] PHP Notice:  Use of undefined constant HT_DEV_MODE - assumed 'HT_DEV_MODE' in /srv/www/ht-build/public_html/ht/plugins/ht_dms/inc/constants.php on line 54
[22-Aug-2014 00:24:41 UTC] PHP Notice:  Use of undefined constant HT_DEV_MODE - assumed 'HT_DEV_MODE' in /srv/www/ht-build/public_html/ht/plugins/holotree/holotree.php on line 258
[22-Aug-2014 00:24:41 UTC] PHP Notice:  Use of undefined constant HT_DEV_MODE - assumed 'HT_DEV_MODE' in /srv/www/ht-build/public_html/ht/plugins/ht_dms/inc/constants.php on line 54
[22-Aug-2014 00:26:30 UTC] PHP Notice:  Use of undefined constant HT_DEV_MODE - assumed 'HT_DEV_MODE' in /srv/www/ht-build/public_html/ht/plugins/holotree/holotree.php on line 258
[22-Aug-2014 00:26:30 UTC] PHP Notice:  Use of undefined constant HT_DEV_MODE - assumed 'HT_DEV_MODE' in /srv/www/ht-build/public_html/ht/plugins/ht_dms/inc/constants.php on line 54
[22-Aug-2014 00:33:45 UTC] PHP Notice:  Use of undefined constant HT_DEV_MODE - assumed 'HT_DEV_MODE' in /srv/www/ht-build/public_html/ht/plugins/holotree/holotree.php on line 258
[22-Aug-2014 00:33:45 UTC] PHP Notice:  Use of undefined constant HT_DEV_MODE - assumed 'HT_DEV_MODE' in /srv/www/ht-build/public_html/ht/plugins/ht_dms/inc/constants.php on line 54
[22-Aug-2014 00:34:29 UTC] PHP Notice:  Use of undefined constant HT_DEV_MODE - assumed 'HT_DEV_MODE' in /srv/www/ht-build/public_html/ht/plugins/holotree/holotree.php on line 258
[22-Aug-2014 00:34:29 UTC] PHP Notice:  Use of undefined constant HT_DEV_MODE - assumed 'HT_DEV_MODE' in /srv/www/ht-build/public_html/ht/plugins/ht_dms/inc/constants.php on line 54
[22-Aug-2014 00:36:42 UTC] PHP Notice:  Use of undefined constant HT_DEV_MODE - assumed 'HT_DEV_MODE' in /srv/www/ht-build/public_html/ht/plugins/holotree/holotree.php on line 258
[22-Aug-2014 00:36:42 UTC] PHP Notice:  Use of undefined constant HT_DEV_MODE - assumed 'HT_DEV_MODE' in /srv/www/ht-build/public_html/ht/plugins/ht_dms/inc/constants.php on line 54
[22-Aug-2014 00:41:43 UTC] PHP Notice:  Use of undefined constant HT_DEV_MODE - assumed 'HT_DEV_MODE' in /srv/www/ht-build/public_html/ht/plugins/holotree/holotree.php on line 258
[22-Aug-2014 00:41:43 UTC] PHP Notice:  Use of undefined constant HT_DEV_MODE - assumed 'HT_DEV_MODE' in /srv/www/ht-build/public_html/ht/plugins/ht_dms/inc/constants.php on line 54
[22-Aug-2014 00:42:32 UTC] PHP Notice:  Use of undefined constant HT_DEV_MODE - assumed 'HT_DEV_MODE' in /srv/www/ht-build/public_html/ht/plugins/holotree/holotree.php on line 258
[22-Aug-2014 00:42:32 UTC] PHP Notice:  Use of undefined constant HT_DEV_MODE - assumed 'HT_DEV_MODE' in /srv/www/ht-build/public_html/ht/plugins/ht_dms/inc/constants.php on line 54
[22-Aug-2014 00:45:43 UTC] PHP Notice:  Use of undefined constant HT_DEV_MODE - assumed 'HT_DEV_MODE' in /srv/www/ht-build/public_html/ht/plugins/holotree/holotree.php on line 258
[22-Aug-2014 00:45:43 UTC] PHP Notice:  Use of undefined constant HT_DEV_MODE - assumed 'HT_DEV_MODE' in /srv/www/ht-build/public_html/ht/plugins/ht_dms/inc/constants.php on line 54
[22-Aug-2014 01:06:56 UTC] PHP Notice:  Use of undefined constant HT_DEV_MODE - assumed 'HT_DEV_MODE' in /srv/www/ht-build/public_html/ht/plugins/holotree/holotree.php on line 258
[22-Aug-2014 01:06:56 UTC] PHP Notice:  Use of undefined constant HT_DEV_MODE - assumed 'HT_DEV_MODE' in /srv/www/ht-build/public_html/ht/plugins/ht_dms/inc/constants.php on line 54
[22-Aug-2014 01:06:57 UTC] PHP Notice:  Use of undefined constant HT_DEV_MODE - assumed 'HT_DEV_MODE' in /srv/www/ht-build/public_html/ht/plugins/holotree/holotree.php on line 258
[22-Aug-2014 01:06:57 UTC] PHP Notice:  Use of undefined constant HT_DEV_MODE - assumed 'HT_DEV_MODE' in /srv/www/ht-build/public_html/ht/plugins/ht_dms/inc/constants.php on line 54
[22-Aug-2014 01:06:57 UTC] PHP Notice:  Use of undefined constant HT_DEV_MODE - assumed 'HT_DEV_MODE' in /srv/www/ht-build/public_html/ht/plugins/holotree/holotree.php on line 258
[22-Aug-2014 01:06:57 UTC] PHP Notice:  Use of undefined constant HT_DEV_MODE - assumed 'HT_DEV_MODE' in /srv/www/ht-build/public_html/ht/plugins/ht_dms/inc/constants.php on line 54
[22-Aug-2014 01:07:00 UTC] PHP Notice:  Use of undefined constant HT_DEV_MODE - assumed 'HT_DEV_MODE' in /srv/www/ht-build/public_html/ht/plugins/holotree/holotree.php on line 258
[22-Aug-2014 01:07:00 UTC] PHP Notice:  Use of undefined constant HT_DEV_MODE - assumed 'HT_DEV_MODE' in /srv/www/ht-build/public_html/ht/plugins/ht_dms/inc/constants.php on line 54
[22-Aug-2014 01:07:01 UTC] PHP Notice:  Use of undefined constant HT_DEV_MODE - assumed 'HT_DEV_MODE' in /srv/www/ht-build/public_html/ht/plugins/holotree/holotree.php on line 258
[22-Aug-2014 01:07:01 UTC] PHP Notice:  Use of undefined constant HT_DEV_MODE - assumed 'HT_DEV_MODE' in /srv/www/ht-build/public_html/ht/plugins/ht_dms/inc/constants.php on line 54
[22-Aug-2014 01:07:06 UTC] PHP Notice:  Use of undefined constant HT_DEV_MODE - assumed 'HT_DEV_MODE' in /srv/www/ht-build/public_html/ht/plugins/holotree/holotree.php on line 258
[22-Aug-2014 01:07:06 UTC] PHP Notice:  Use of undefined constant HT_DEV_MODE - assumed 'HT_DEV_MODE' in /srv/www/ht-build/public_html/ht/plugins/ht_dms/inc/constants.php on line 54
[22-Aug-2014 01:07:07 UTC] PHP Notice:  Use of undefined constant HT_DEV_MODE - assumed 'HT_DEV_MODE' in /srv/www/ht-build/public_html/ht/plugins/holotree/holotree.php on line 258
[22-Aug-2014 01:07:07 UTC] PHP Notice:  Use of undefined constant HT_DEV_MODE - assumed 'HT_DEV_MODE' in /srv/www/ht-build/public_html/ht/plugins/ht_dms/inc/constants.php on line 54
[22-Aug-2014 01:08:08 UTC] PHP Notice:  Use of undefined constant HT_DEV_MODE - assumed 'HT_DEV_MODE' in /srv/www/ht-build/public_html/ht/plugins/holotree/holotree.php on line 258
[22-Aug-2014 01:08:08 UTC] PHP Notice:  Use of undefined constant HT_DEV_MODE - assumed 'HT_DEV_MODE' in /srv/www/ht-build/public_html/ht/plugins/ht_dms/inc/constants.php on line 54
[22-Aug-2014 01:08:09 UTC] PHP Notice:  Use of undefined constant HT_DEV_MODE - assumed 'HT_DEV_MODE' in /srv/www/ht-build/public_html/ht/plugins/holotree/holotree.php on line 258
[22-Aug-2014 01:08:09 UTC] PHP Notice:  Use of undefined constant HT_DEV_MODE - assumed 'HT_DEV_MODE' in /srv/www/ht-build/public_html/ht/plugins/ht_dms/inc/constants.php on line 54
[22-Aug-2014 01:27:53 UTC] PHP Notice:  Use of undefined constant HT_DEV_MODE - assumed 'HT_DEV_MODE' in /srv/www/ht-build/public_html/ht/plugins/holotree/holotree.php on line 258
[22-Aug-2014 01:27:53 UTC] PHP Notice:  Use of undefined constant HT_DEV_MODE - assumed 'HT_DEV_MODE' in /srv/www/ht-build/public_html/ht/plugins/ht_dms/inc/constants.php on line 54
[22-Aug-2014 01:27:54 UTC] PHP Notice:  Use of undefined constant HT_DEV_MODE - assumed 'HT_DEV_MODE' in /srv/www/ht-build/public_html/ht/plugins/holotree/holotree.php on line 258
[22-Aug-2014 01:27:54 UTC] PHP Notice:  Use of undefined constant HT_DEV_MODE - assumed 'HT_DEV_MODE' in /srv/www/ht-build/public_html/ht/plugins/ht_dms/inc/constants.php on line 54
[22-Aug-2014 01:35:34 UTC] PHP Notice:  Use of undefined constant HT_DEV_MODE - assumed 'HT_DEV_MODE' in /srv/www/ht-build/public_html/ht/plugins/holotree/holotree.php on line 258
[22-Aug-2014 01:35:34 UTC] PHP Notice:  Use of undefined constant HT_DEV_MODE - assumed 'HT_DEV_MODE' in /srv/www/ht-build/public_html/ht/plugins/ht_dms/inc/constants.php on line 54
[22-Aug-2014 01:42:39 UTC] PHP Notice:  Use of undefined constant HT_DEV_MODE - assumed 'HT_DEV_MODE' in /srv/www/ht-build/public_html/ht/plugins/holotree/holotree.php on line 258
[22-Aug-2014 01:42:39 UTC] PHP Notice:  Use of undefined constant HT_DEV_MODE - assumed 'HT_DEV_MODE' in /srv/www/ht-build/public_html/ht/plugins/ht_dms/inc/constants.php on line 54
[22-Aug-2014 01:47:31 UTC] PHP Notice:  Use of undefined constant HT_DEV_MODE - assumed 'HT_DEV_MODE' in /srv/www/ht-build/public_html/ht/plugins/holotree/holotree.php on line 258
[22-Aug-2014 01:47:31 UTC] PHP Notice:  Use of undefined constant HT_DEV_MODE - assumed 'HT_DEV_MODE' in /srv/www/ht-build/public_html/ht/plugins/ht_dms/inc/constants.php on line 54
[22-Aug-2014 01:48:34 UTC] PHP Notice:  Use of undefined constant HT_DEV_MODE - assumed 'HT_DEV_MODE' in /srv/www/ht-build/public_html/ht/plugins/holotree/holotree.php on line 258
[22-Aug-2014 01:48:34 UTC] PHP Notice:  Use of undefined constant HT_DEV_MODE - assumed 'HT_DEV_MODE' in /srv/www/ht-build/public_html/ht/plugins/ht_dms/inc/constants.php on line 54
[22-Aug-2014 01:50:07 UTC] PHP Notice:  Use of undefined constant HT_DEV_MODE - assumed 'HT_DEV_MODE' in /srv/www/ht-build/public_html/ht/plugins/holotree/holotree.php on line 258
[22-Aug-2014 01:50:07 UTC] PHP Notice:  Use of undefined constant HT_DEV_MODE - assumed 'HT_DEV_MODE' in /srv/www/ht-build/public_html/ht/plugins/ht_dms/inc/constants.php on line 54
[22-Aug-2014 01:50:09 UTC] PHP Notice:  Undefined variable: container_id in /srv/www/ht-build/public_html/ht/plugins/ht_dms/ht_dms/ui/output/view_loaders.php on line 309
[22-Aug-2014 01:50:33 UTC] PHP Notice:  Use of undefined constant HT_DEV_MODE - assumed 'HT_DEV_MODE' in /srv/www/ht-build/public_html/ht/plugins/holotree/holotree.php on line 258
[22-Aug-2014 01:50:33 UTC] PHP Notice:  Use of undefined constant HT_DEV_MODE - assumed 'HT_DEV_MODE' in /srv/www/ht-build/public_html/ht/plugins/ht_dms/inc/constants.php on line 54
[22-Aug-2014 01:50:34 UTC] PHP Notice:  Undefined variable: container_id in /srv/www/ht-build/public_html/ht/plugins/ht_dms/ht_dms/ui/output/view_loaders.php on line 309
[22-Aug-2014 01:50:36 UTC] PHP Notice:  Use of undefined constant HT_DEV_MODE - assumed 'HT_DEV_MODE' in /srv/www/ht-build/public_html/ht/plugins/holotree/holotree.php on line 258
[22-Aug-2014 01:50:36 UTC] PHP Notice:  Use of undefined constant HT_DEV_MODE - assumed 'HT_DEV_MODE' in /srv/www/ht-build/public_html/ht/plugins/ht_dms/inc/constants.php on line 54
[22-Aug-2014 01:50:37 UTC] PHP Notice:  Undefined variable: container_id in /srv/www/ht-build/public_html/ht/plugins/ht_dms/ht_dms/ui/output/view_loaders.php on line 309
[22-Aug-2014 01:50:45 UTC] PHP Notice:  Use of undefined constant HT_DEV_MODE - assumed 'HT_DEV_MODE' in /srv/www/ht-build/public_html/ht/plugins/holotree/holotree.php on line 258
[22-Aug-2014 01:50:45 UTC] PHP Notice:  Use of undefined constant HT_DEV_MODE - assumed 'HT_DEV_MODE' in /srv/www/ht-build/public_html/ht/plugins/ht_dms/inc/constants.php on line 54
[22-Aug-2014 01:50:46 UTC] PHP Notice:  Undefined variable: container_id in /srv/www/ht-build/public_html/ht/plugins/ht_dms/ht_dms/ui/output/view_loaders.php on line 309
[22-Aug-2014 01:52:43 UTC] PHP Notice:  Use of undefined constant HT_DEV_MODE - assumed 'HT_DEV_MODE' in /srv/www/ht-build/public_html/ht/plugins/holotree/holotree.php on line 258
[22-Aug-2014 01:52:43 UTC] PHP Notice:  Use of undefined constant HT_DEV_MODE - assumed 'HT_DEV_MODE' in /srv/www/ht-build/public_html/ht/plugins/ht_dms/inc/constants.php on line 54
[22-Aug-2014 01:52:45 UTC] PHP Notice:  Undefined variable: container_id in /srv/www/ht-build/public_html/ht/plugins/ht_dms/ht_dms/ui/output/view_loaders.php on line 309
[22-Aug-2014 01:53:33 UTC] PHP Notice:  Use of undefined constant HT_DEV_MODE - assumed 'HT_DEV_MODE' in /srv/www/ht-build/public_html/ht/plugins/holotree/holotree.php on line 258
[22-Aug-2014 01:53:33 UTC] PHP Notice:  Use of undefined constant HT_DEV_MODE - assumed 'HT_DEV_MODE' in /srv/www/ht-build/public_html/ht/plugins/ht_dms/inc/constants.php on line 54
[22-Aug-2014 01:53:35 UTC] PHP Notice:  Undefined variable: container_id in /srv/www/ht-build/public_html/ht/plugins/ht_dms/ht_dms/ui/output/view_loaders.php on line 309
[22-Aug-2014 01:53:54 UTC] PHP Notice:  Use of undefined constant HT_DEV_MODE - assumed 'HT_DEV_MODE' in /srv/www/ht-build/public_html/ht/plugins/holotree/holotree.php on line 258
[22-Aug-2014 01:53:54 UTC] PHP Notice:  Use of undefined constant HT_DEV_MODE - assumed 'HT_DEV_MODE' in /srv/www/ht-build/public_html/ht/plugins/ht_dms/inc/constants.php on line 54
[22-Aug-2014 01:53:58 UTC] PHP Notice:  Use of undefined constant HT_DEV_MODE - assumed 'HT_DEV_MODE' in /srv/www/ht-build/public_html/ht/plugins/holotree/holotree.php on line 258
[22-Aug-2014 01:53:58 UTC] PHP Notice:  Use of undefined constant HT_DEV_MODE - assumed 'HT_DEV_MODE' in /srv/www/ht-build/public_html/ht/plugins/ht_dms/inc/constants.php on line 54
[22-Aug-2014 01:54:03 UTC] PHP Notice:  Use of undefined constant HT_DEV_MODE - assumed 'HT_DEV_MODE' in /srv/www/ht-build/public_html/ht/plugins/holotree/holotree.php on line 258
[22-Aug-2014 01:54:03 UTC] PHP Notice:  Use of undefined constant HT_DEV_MODE - assumed 'HT_DEV_MODE' in /srv/www/ht-build/public_html/ht/plugins/ht_dms/inc/constants.php on line 54
[22-Aug-2014 01:54:53 UTC] PHP Notice:  Use of undefined constant HT_DEV_MODE - assumed 'HT_DEV_MODE' in /srv/www/ht-build/public_html/ht/plugins/holotree/holotree.php on line 258
[22-Aug-2014 01:54:53 UTC] PHP Notice:  Use of undefined constant HT_DEV_MODE - assumed 'HT_DEV_MODE' in /srv/www/ht-build/public_html/ht/plugins/ht_dms/inc/constants.php on line 54
[22-Aug-2014 01:55:44 UTC] PHP Notice:  Use of undefined constant HT_DEV_MODE - assumed 'HT_DEV_MODE' in /srv/www/ht-build/public_html/ht/plugins/holotree/holotree.php on line 258
[22-Aug-2014 01:55:44 UTC] PHP Notice:  Use of undefined constant HT_DEV_MODE - assumed 'HT_DEV_MODE' in /srv/www/ht-build/public_html/ht/plugins/ht_dms/inc/constants.php on line 54
[22-Aug-2014 01:57:24 UTC] PHP Notice:  Use of undefined constant HT_DEV_MODE - assumed 'HT_DEV_MODE' in /srv/www/ht-build/public_html/ht/plugins/holotree/holotree.php on line 258
[22-Aug-2014 01:57:24 UTC] PHP Notice:  Use of undefined constant HT_DEV_MODE - assumed 'HT_DEV_MODE' in /srv/www/ht-build/public_html/ht/plugins/ht_dms/inc/constants.php on line 54
[22-Aug-2014 02:01:17 UTC] PHP Notice:  Use of undefined constant HT_DEV_MODE - assumed 'HT_DEV_MODE' in /srv/www/ht-build/public_html/ht/plugins/holotree/holotree.php on line 258
[22-Aug-2014 02:01:17 UTC] PHP Notice:  Use of undefined constant HT_DEV_MODE - assumed 'HT_DEV_MODE' in /srv/www/ht-build/public_html/ht/plugins/ht_dms/inc/constants.php on line 54
[22-Aug-2014 02:02:40 UTC] PHP Notice:  Use of undefined constant HT_DEV_MODE - assumed 'HT_DEV_MODE' in /srv/www/ht-build/public_html/ht/plugins/holotree/holotree.php on line 258
[22-Aug-2014 02:02:40 UTC] PHP Notice:  Use of undefined constant HT_DEV_MODE - assumed 'HT_DEV_MODE' in /srv/www/ht-build/public_html/ht/plugins/ht_dms/inc/constants.php on line 54
[22-Aug-2014 02:03:32 UTC] PHP Notice:  Use of undefined constant HT_DEV_MODE - assumed 'HT_DEV_MODE' in /srv/www/ht-build/public_html/ht/plugins/holotree/holotree.php on line 258
[22-Aug-2014 02:03:32 UTC] PHP Notice:  Use of undefined constant HT_DEV_MODE - assumed 'HT_DEV_MODE' in /srv/www/ht-build/public_html/ht/plugins/ht_dms/inc/constants.php on line 54
[22-Aug-2014 02:03:38 UTC] PHP Notice:  Use of undefined constant HT_DEV_MODE - assumed 'HT_DEV_MODE' in /srv/www/ht-build/public_html/ht/plugins/holotree/holotree.php on line 258
[22-Aug-2014 02:03:38 UTC] PHP Notice:  Use of undefined constant HT_DEV_MODE - assumed 'HT_DEV_MODE' in /srv/www/ht-build/public_html/ht/plugins/ht_dms/inc/constants.php on line 54
[22-Aug-2014 02:03:56 UTC] PHP Notice:  Use of undefined constant HT_DEV_MODE - assumed 'HT_DEV_MODE' in /srv/www/ht-build/public_html/ht/plugins/holotree/holotree.php on line 258
[22-Aug-2014 02:03:56 UTC] PHP Notice:  Use of undefined constant HT_DEV_MODE - assumed 'HT_DEV_MODE' in /srv/www/ht-build/public_html/ht/plugins/ht_dms/inc/constants.php on line 54
[22-Aug-2014 02:04:23 UTC] PHP Notice:  Use of undefined constant HT_DEV_MODE - assumed 'HT_DEV_MODE' in /srv/www/ht-build/public_html/ht/plugins/holotree/holotree.php on line 258
[22-Aug-2014 02:04:23 UTC] PHP Notice:  Use of undefined constant HT_DEV_MODE - assumed 'HT_DEV_MODE' in /srv/www/ht-build/public_html/ht/plugins/ht_dms/inc/constants.php on line 54
[22-Aug-2014 02:07:08 UTC] PHP Notice:  Use of undefined constant HT_DEV_MODE - assumed 'HT_DEV_MODE' in /srv/www/ht-build/public_html/ht/plugins/holotree/holotree.php on line 258
[22-Aug-2014 02:07:08 UTC] PHP Notice:  Use of undefined constant HT_DEV_MODE - assumed 'HT_DEV_MODE' in /srv/www/ht-build/public_html/ht/plugins/ht_dms/inc/constants.php on line 54
[22-Aug-2014 02:07:48 UTC] PHP Notice:  Use of undefined constant HT_DEV_MODE - assumed 'HT_DEV_MODE' in /srv/www/ht-build/public_html/ht/plugins/holotree/holotree.php on line 258
[22-Aug-2014 02:07:48 UTC] PHP Notice:  Use of undefined constant HT_DEV_MODE - assumed 'HT_DEV_MODE' in /srv/www/ht-build/public_html/ht/plugins/ht_dms/inc/constants.php on line 54
[22-Aug-2014 02:11:27 UTC] PHP Notice:  Use of undefined constant HT_DEV_MODE - assumed 'HT_DEV_MODE' in /srv/www/ht-build/public_html/ht/plugins/holotree/holotree.php on line 258
[22-Aug-2014 02:11:27 UTC] PHP Notice:  Use of undefined constant HT_DEV_MODE - assumed 'HT_DEV_MODE' in /srv/www/ht-build/public_html/ht/plugins/ht_dms/inc/constants.php on line 54
[22-Aug-2014 02:11:33 UTC] PHP Notice:  Use of undefined constant HT_DEV_MODE - assumed 'HT_DEV_MODE' in /srv/www/ht-build/public_html/ht/plugins/holotree/holotree.php on line 258
[22-Aug-2014 02:11:33 UTC] PHP Notice:  Use of undefined constant HT_DEV_MODE - assumed 'HT_DEV_MODE' in /srv/www/ht-build/public_html/ht/plugins/ht_dms/inc/constants.php on line 54
[22-Aug-2014 02:12:17 UTC] PHP Notice:  Use of undefined constant HT_DEV_MODE - assumed 'HT_DEV_MODE' in /srv/www/ht-build/public_html/ht/plugins/holotree/holotree.php on line 258
[22-Aug-2014 02:12:17 UTC] PHP Notice:  Use of undefined constant HT_DEV_MODE - assumed 'HT_DEV_MODE' in /srv/www/ht-build/public_html/ht/plugins/ht_dms/inc/constants.php on line 54
[22-Aug-2014 02:12:46 UTC] PHP Notice:  Use of undefined constant HT_DEV_MODE - assumed 'HT_DEV_MODE' in /srv/www/ht-build/public_html/ht/plugins/holotree/holotree.php on line 258
[22-Aug-2014 02:12:46 UTC] PHP Notice:  Use of undefined constant HT_DEV_MODE - assumed 'HT_DEV_MODE' in /srv/www/ht-build/public_html/ht/plugins/ht_dms/inc/constants.php on line 54
[22-Aug-2014 02:13:08 UTC] PHP Notice:  Use of undefined constant HT_DEV_MODE - assumed 'HT_DEV_MODE' in /srv/www/ht-build/public_html/ht/plugins/holotree/holotree.php on line 258
[22-Aug-2014 02:13:08 UTC] PHP Notice:  Use of undefined constant HT_DEV_MODE - assumed 'HT_DEV_MODE' in /srv/www/ht-build/public_html/ht/plugins/ht_dms/inc/constants.php on line 54
[22-Aug-2014 02:13:09 UTC] PHP Notice:  Undefined variable: container_id in /srv/www/ht-build/public_html/ht/plugins/ht_dms/ht_dms/ui/output/view_loaders.php on line 309
[23-Aug-2014 21:53:38 UTC] PHP Notice:  Use of undefined constant HT_DEV_MODE - assumed 'HT_DEV_MODE' in /srv/www/ht-build/public_html/ht/plugins/holotree/holotree.php on line 258
[23-Aug-2014 21:53:38 UTC] PHP Notice:  Use of undefined constant HT_DEV_MODE - assumed 'HT_DEV_MODE' in /srv/www/ht-build/public_html/ht/plugins/ht_dms/inc/constants.php on line 54
[23-Aug-2014 21:53:39 UTC] PHP Notice:  Use of undefined constant HT_DEV_MODE - assumed 'HT_DEV_MODE' in /srv/www/ht-build/public_html/ht/plugins/holotree/holotree.php on line 258
[23-Aug-2014 21:53:39 UTC] PHP Notice:  Use of undefined constant HT_DEV_MODE - assumed 'HT_DEV_MODE' in /srv/www/ht-build/public_html/ht/plugins/ht_dms/inc/constants.php on line 54
[23-Aug-2014 21:58:18 UTC] PHP Notice:  Use of undefined constant HT_DEV_MODE - assumed 'HT_DEV_MODE' in /srv/www/ht-build/public_html/ht/plugins/holotree/holotree.php on line 258
[23-Aug-2014 21:58:18 UTC] PHP Notice:  Use of undefined constant HT_DEV_MODE - assumed 'HT_DEV_MODE' in /srv/www/ht-build/public_html/ht/plugins/ht_dms/inc/constants.php on line 54
[23-Aug-2014 21:58:19 UTC] PHP Notice:  Use of undefined constant HT_DEV_MODE - assumed 'HT_DEV_MODE' in /srv/www/ht-build/public_html/ht/plugins/holotree/holotree.php on line 258
[23-Aug-2014 21:58:19 UTC] PHP Notice:  Use of undefined constant HT_DEV_MODE - assumed 'HT_DEV_MODE' in /srv/www/ht-build/public_html/ht/plugins/ht_dms/inc/constants.php on line 54
